État 5 conflits: 1 décalage/réduction


Grammaire

    0 $accept: p $end

    1 p: A
    2  | p X p


Terminaux, suivis des règles où ils apparaissent

    $end (0) 0
    error (256)
    A (258) 1
    X (259) 2


Non-terminaux, suivis des règles où ils apparaissent

    $accept (5)
        à gauche: 0
    p (6)
        à gauche: 1 2
        à droite: 0 2


État 0

    0 $accept: • p $end

    A  décalage et aller à l'état 1

    p  aller à l'état 2


État 1

    1 p: A •

    $défaut  réduction par utilisation de la règle 1 (p)


État 2

    0 $accept: p • $end
    2 p: p • X p

    $end  décalage et aller à l'état 3
    X     décalage et aller à l'état 4


État 3

    0 $accept: p $end •

    $défaut  accepter


État 4

    2 p: p X • p

    A  décalage et aller à l'état 1

    p  aller à l'état 5


État 5

    2 p: p • X p
    2  | p X p •

    X  décalage et aller à l'état 4

    X        [réduction par utilisation de la règle 2 (p)]
    $défaut  réduction par utilisation de la règle 2 (p)

    conflit par décalage/réduction sur le jeton X:
        2 p: p X p •
        2 p: p • X p
      Exemple: p X p • X p
      Dérivation par décalage
        p
        ↳ 2: p X p
                 ↳ 2: p • X p
      Dérivation par réduction
        p
        ↳ 2: p            X p
             ↳ 2: p X p •

